<?xml version="1.0" encoding="UTF-8"?>
<testsuites name="nextest-run" tests="2" failures="2" errors="0" uuid="69d38b93-3c25-4a3e-9c29-908d5c2680c7" timestamp="2026-06-11T10:52:08.889+00:00" time="303.396">
    <testsuite name="acceptance-tests::offline_mode" tests="1" disabled="0" errors="0" failures="1">
        <testcase name="test_offline_mode_resilience" classname="acceptance-tests::offline_mode" timestamp="2026-06-11T10:52:08.889+00:00" time="201.232">
            <failure message="thread &apos;test_offline_mode_resilience&apos; (4320) panicked at crates/acceptance-tests/tests/offline_mode.rs:128:5" type="test failure with exit code 101">thread &apos;test_offline_mode_resilience&apos; (4320) panicked at crates/acceptance-tests/tests/offline_mode.rs:128:5:
workspace build failed
note: run with `RUST_BACKTRACE=1` environment variable to display a backtrace</failure>
            <system-out>
running 1 test
test test_offline_mode_resilience has been running for over 60 seconds
test test_offline_mode_resilience ... FAILED

failures:

failures:
    test_offline_mode_resilience

test result: FAILED. 0 passed; 1 failed; 0 ignored; 0 measured; 0 filtered out; finished in 201.23s

</system-out>
            <system-err>    Blocking waiting for file lock on package cache
    Blocking waiting for file lock on package cache
    Blocking waiting for file lock on package cache
   Compiling serde v1.0.228
   Compiling libc v0.2.186
   Compiling serde_core v1.0.228
   Compiling syn v2.0.117
   Compiling memchr v2.8.1
   Compiling version_check v0.9.5
   Compiling jobserver v0.1.34
   Compiling autocfg v1.5.1
   Compiling cc v1.2.62
   Compiling log v0.4.30
   Compiling getrandom v0.2.17
   Compiling indexmap v2.14.0
   Compiling futures-io v0.3.32
   Compiling zerocopy v0.8.48
   Compiling generic-array v0.14.7
   Compiling futures-sink v0.3.32
   Compiling synstructure v0.13.2
   Compiling futures-task v0.3.32
   Compiling tracing-core v0.1.36
   Compiling errno v0.3.14
   Compiling slab v0.4.12
   Compiling serde_derive v1.0.228
   Compiling tracing-attributes v0.1.31
   Compiling bitflags v2.11.1
   Compiling tokio-macros v2.7.0
   Compiling signal-hook-registry v1.4.8
   Compiling mio v1.2.0
   Compiling tracing v0.1.44
   Compiling socket2 v0.6.3
   Compiling serde_json v1.0.150
   Compiling futures-channel v0.3.32
   Compiling futures-macro v0.3.32
   Compiling rand_core v0.6.4
   Compiling zerofrom-derive v0.1.7
   Compiling futures-util v0.3.32
   Compiling displaydoc v0.2.6
   Compiling smallvec v1.15.1
   Compiling typenum v1.20.0
   Compiling parking_lot_core v0.9.12
   Compiling parking_lot v0.12.5
   Compiling zerofrom v0.1.8
   Compiling tokio v1.52.3
   Compiling yoke-derive v0.8.2
   Compiling zerovec-derive v0.11.3
   Compiling yoke v0.8.2
   Compiling thiserror v2.0.18
   Compiling thiserror-impl v2.0.18
   Compiling zerovec v0.11.6
   Compiling zerotrie v0.2.4
   Compiling tinystr v0.8.3
   Compiling icu_locale_core v2.2.0
   Compiling potential_utf v0.1.5
   Compiling icu_collections v2.2.0
   Compiling icu_provider v2.2.0
   Compiling num-traits v0.2.19
   Compiling icu_properties v2.2.0
   Compiling fnv v1.0.7
   Compiling rustversion v1.0.22
   Compiling async-trait v0.1.89
   Compiling tokio-util v0.7.18
   Compiling crypto-common v0.1.7
   Compiling aho-corasick v1.1.4
   Compiling getrandom v0.3.4
   Compiling regex-syntax v0.8.10
   Compiling thiserror v1.0.69
   Compiling thiserror-impl v1.0.69
   Compiling ahash v0.8.12
   Compiling zeroize_derive v1.4.3
   Compiling cpufeatures v0.2.17
   Compiling zeroize v1.8.2
   Compiling icu_normalizer v2.2.0
   Compiling pkg-config v0.3.33
   Compiling cmake v0.1.58
   Compiling idna_adapter v1.2.2
   Compiling dunce v1.0.5
   Compiling idna v1.1.0
   Compiling fs_extra v1.3.0
   Compiling ring v0.17.14
   Compiling httpdate v1.0.3
   Compiling aws-lc-sys v0.41.0
   Compiling url v2.5.8
   Compiling rustls-pki-types v1.14.1
   Compiling block-buffer v0.10.4
   Compiling ppv-lite86 v0.2.21
   Compiling aws-lc-rs v1.17.0
   Compiling parking v2.2.1
   Compiling digest v0.10.7
   Compiling rand_chacha v0.3.1
   Compiling semver v1.0.28
   Compiling rand v0.8.6
   Compiling rand_core v0.10.1
   Compiling getrandom v0.4.2
   Compiling hashbrown v0.14.5
   Compiling rustix v1.1.4
   Compiling rustls v0.23.40
   Compiling h2 v0.4.14
   Compiling either v1.16.0
   Compiling linux-raw-sys v0.12.1
   Compiling hyper v1.9.0
   Compiling concurrent-queue v2.5.0
   Compiling hyper-util v0.1.20
   Compiling webpki-roots v1.0.7
   Compiling regex-automata v0.4.14
   Compiling iana-time-zone v0.1.65
   Compiling time-core v0.1.8
   Compiling num-conv v0.2.2
   Compiling powerfmt v0.2.0
   Compiling deranged v0.5.8
   Compiling time-macros v0.2.27
   Compiling tower v0.5.3
   Compiling sha2 v0.10.9
   Compiling time v0.3.47
   Compiling event-listener v5.4.1
   Compiling serde_urlencoded v0.7.1
   Compiling crc32fast v1.5.0
   Compiling mime v0.3.17
   Compiling unicode-xid v0.2.6
   Compiling byteorder v1.5.0
   Compiling allocator-api2 v0.2.21
   Compiling num-integer v0.1.46
   Compiling lazy_static v1.5.0
   Compiling cranelift-isle v0.108.2
   Compiling tokio-stream v0.1.18
   Compiling futures-executor v0.3.32
   Compiling cranelift-entity v0.108.2
   Compiling target-lexicon v0.12.16
   Compiling cranelift-codegen-shared v0.108.2
   Compiling cranelift-codegen-meta v0.108.2
   Compiling num-bigint v0.4.6
   Compiling chrono v0.4.45
   Compiling itertools v0.14.0
   Compiling uuid v1.23.1
   Compiling wasmtime-versioned-export-macros v21.0.2
   Compiling gimli v0.28.1
   Compiling io-lifetimes v2.0.4
   Compiling leb128 v0.2.6
   Compiling bumpalo v3.20.3
   Compiling base64 v0.21.7
   Compiling cranelift-codegen v0.108.2
   Compiling regex v1.12.3
   Compiling tower-http v0.6.11
   Compiling zstd-sys v2.0.16+zstd.1.5.7
   Compiling hashbrown v0.13.2
   Compiling crossbeam-epoch v0.9.18
   Compiling indexmap v1.9.3
   Compiling matchit v0.7.3
   Compiling arbitrary v1.4.2
   Compiling bitflags v1.3.2
   Compiling unicode-width v0.2.2
   Compiling slice-group-by v0.3.1
   Compiling rustix v0.38.44
   Compiling rustc-hash v1.1.0
   Compiling regalloc2 v0.9.3
   Compiling cranelift-control v0.108.2
   Compiling wasmparser v0.207.0
   Compiling cranelift-bforest v0.108.2
   Compiling event-listener-strategy v0.5.4
   Compiling http v0.2.12
   Compiling pin-project-internal v1.1.13
   Compiling async-stream-impl v0.3.6
   Compiling dirs-sys-next v0.1.2
   Compiling socket2 v0.5.10
   Compiling strsim v0.11.1
   Compiling foldhash v0.1.5
   Compiling vcpkg v0.2.15
   Compiling io-extras v0.18.4
   Compiling linux-raw-sys v0.4.15
   Compiling hashbrown v0.12.3
   Compiling hashbrown v0.15.5
   Compiling async-stream v0.3.6
   Compiling pin-project v1.1.13
   Compiling sharded-slab v0.1.7
   Compiling matchers v0.2.0
   Compiling cobs v0.3.0
   Compiling tracing-log v0.2.0
   Compiling thread_local v1.1.9
   Compiling ref-cast v1.0.25
   Compiling zstd-safe v7.2.4
   Compiling heck v0.4.1
   Compiling nu-ansi-term v0.50.3
   Compiling object v0.37.3
   Compiling ambient-authority v0.0.2
   Compiling cpp_demangle v0.4.5
   Compiling cap-primitives v3.4.5
   Compiling tracing-subscriber v0.3.23
   Compiling postcard v1.1.3
   Compiling tower v0.4.13
   Compiling http-body v0.4.6
   Compiling wasmtime-types v21.0.2
   Compiling fs-set-times v0.20.3
   Compiling object v0.33.0
   Compiling rustix-linux-procfs v0.1.1
   Compiling crossbeam-channel v0.5.15
   Compiling serde_spanned v0.6.9
   Compiling toml_datetime v0.6.11
   Compiling ref-cast-impl v1.0.25
   Compiling ittapi-sys v0.4.0
   Compiling maybe-owned v0.3.4
   Compiling wasmtime-component-util v21.0.2
   Compiling leb128fmt v0.1.0
   Compiling winnow v0.7.15
   Compiling toml_write v0.1.2
   Compiling id-arena v2.3.0
   Compiling wit-parser v0.207.0
   Compiling toml_edit v0.22.27
   Compiling wasm-encoder v0.250.0
   Compiling cranelift-frontend v0.108.2
   Compiling h2 v0.3.27
   Compiling wasmprinter v0.207.0
   Compiling crossbeam-deque v0.8.6
   Compiling wasm-encoder v0.207.0
   Compiling wasmtime-fiber v21.0.2
   Compiling itertools v0.12.1
   Compiling axum-core v0.3.4
   Compiling memoffset v0.9.1
   Compiling dirs-sys v0.3.7
   Compiling rustc-demangle v0.1.27
   Compiling siphasher v1.0.3
   Compiling ident_case v1.0.1
   Compiling tinyvec_macros v0.1.1
   Compiling wasmtime-cache v21.0.2
   Compiling paste v1.0.15
   Compiling wasmtime-component-macro v21.0.2
   Compiling cap-std v3.4.5
   Compiling hex v0.4.3
   Compiling cpufeatures v0.3.0
   Compiling syn v1.0.109
   Compiling libm v0.2.16
   Compiling cranelift-wasm v0.108.2
   Compiling tinyvec v1.11.0
   Compiling darling_core v0.23.0
   Compiling wasmtime-environ v21.0.2
   Compiling phf_shared v0.11.3
   Compiling dirs v4.0.0
   Compiling rayon-core v1.13.0
   Compiling hyper v0.14.32
   Compiling ar_archive_writer v0.5.1
   Compiling zstd v0.13.3
   Compiling wast v250.0.0
   Compiling toml v0.8.23
   Compiling wasmtime-wit-bindgen v21.0.2
   Compiling cranelift-native v0.108.2
   Compiling directories-next v2.0.0
   Compiling wast v35.0.2
   Compiling wasmtime v21.0.2
   Compiling debugid v0.8.0
   Compiling fxhash v0.2.1
   Compiling axum v0.6.20
   Compiling serde_derive_internals v0.29.1
   Compiling wasmtime-asm-macros v21.0.2
   Compiling fixedbitset v0.5.7
   Compiling same-file v1.0.6
   Compiling new_debug_unreachable v1.0.6
   Compiling term v1.2.1
   Compiling schemars v0.8.22
   Compiling precomputed-hash v0.1.1
   Compiling keccak v0.1.6
   Compiling bit-vec v0.8.0
   Compiling symlink v0.1.0
   Compiling tracing-appender v0.2.5
   Compiling bit-set v0.8.0
   Compiling sha3 v0.10.9
   Compiling string_cache v0.8.9
   Compiling ascii-canvas v4.0.0
   Compiling schemars_derive v0.8.22
   Compiling wat v1.250.0
   Compiling walkdir v2.5.0
   Compiling petgraph v0.7.1
   Compiling fxprof-processed-profile v0.6.0
   Compiling witx v0.9.1
   Compiling wasmtime-cranelift v21.0.2
   Compiling ittapi v0.4.0
   Compiling psm v0.1.31
   Compiling darling_macro v0.23.0
   Compiling rayon v1.12.0
   Compiling shellexpand v2.1.2
   Compiling wasmtime-jit-debug v21.0.2
   Compiling addr2line v0.21.0
   Compiling lalrpop-util v0.22.2
   Compiling memfd v0.6.5
   Compiling ena v0.14.4
   Compiling tokio-io-timeout v1.2.1
   Compiling wasmtime-jit-icache-coherence v21.0.2
   Compiling hybrid-array v0.4.12
   Compiling encoding_rs v0.8.35
   Compiling wasmtime-slab v21.0.2
   Compiling fastrand v2.4.1
   Compiling rustls-webpki v0.103.13
   Compiling sptr v0.3.2
   Compiling winnow v0.5.40
   Compiling sync_wrapper v0.1.2
   Compiling dyn-clone v1.0.20
   Compiling crossbeam-utils v0.8.21
   Compiling pico-args v0.5.0
   Compiling heck v0.5.0
   Compiling lalrpop v0.22.2
   Compiling toml_edit v0.19.15
   Compiling tokio-rustls v0.26.4
   Compiling hyper-rustls v0.27.9
   Compiling reqwest v0.12.28
   Compiling dek-config v0.1.0 (/home/runner/work/AntiG_Pollen_DEK/AntiG_Pollen_DEK/crates/dek-config)
warning: unused import: `crate::paths::get_log_dir`
 --&gt; crates/dek-config/src/logging.rs:4:5
  |
4 | use crate::paths::get_log_dir;
  |     ^^^^^^^^^^^^^^^^^^^^^^^^^
  |
  = note: `#[warn(unused_imports)]` (part of `#[warn(unused)]`) on by default

warning: unused import: `std::fs`
 --&gt; crates/dek-config/src/logging.rs:5:5
  |
5 | use std::fs;
  |     ^^^^^^^

warning: unused variable: `service_name`
 --&gt; crates/dek-config/src/logging.rs:8:21
  |
8 | pub fn init_logging(service_name: &amp;str) -&gt; anyhow::Result&lt;()&gt; {
  |                     ^^^^^^^^^^^^ help: if this is intentional, prefix it with an underscore: `_service_name`
  |
  = note: `#[warn(unused_variables)]` (part of `#[warn(unused)]`) on by default

warning: `dek-config` (lib) generated 3 warnings (run `cargo fix --lib -p dek-config` to apply 3 suggestions)
   Compiling hyper-timeout v0.4.1
   Compiling wiggle-generate v21.0.2
   Compiling darling v0.23.0
   Compiling block-padding v0.3.3
   Compiling enum-ordinalize-derive v4.3.2
   Compiling stacker v0.1.24
   Compiling prost v0.12.6
   Compiling cap-fs-ext v3.4.5
   Compiling system-interface v0.27.3
   Compiling tonic v0.11.0
   Compiling enum-ordinalize v4.3.2
   Compiling cedar-policy-core v4.11.0
   Compiling inout v0.1.4
   Compiling serde_with_macros v3.20.0
   Compiling wiggle-macro v21.0.2
   Compiling proc-macro-crate v1.3.1
   Compiling zvariant_utils v1.0.1
   Compiling crypto-common v0.2.2
   Compiling block-buffer v0.12.0
   Compiling unicode-normalization v0.1.25
   Compiling libsqlite3-sys v0.30.1
   Compiling futures v0.3.32
   Compiling logos-codegen v0.16.1
   Compiling pem v3.0.6
   Compiling linked-hash-map v0.5.6
   Compiling miette-derive v7.6.0
   Compiling unicode-width v0.1.14
   Compiling unicode-script v0.5.8
   Compiling signature v2.2.0
   Compiling portable-atomic v1.13.1
   Compiling const-oid v0.10.2
   Compiling event-listener v2.5.3
   Compiling crc-catalog v2.5.0
   Compiling io-lifetimes v1.0.11
   Compiling crc v3.4.0
   Compiling digest v0.11.3
   Compiling miette v7.6.0
   Compiling unicode-security v0.1.2
   Compiling wiggle v21.0.2
   Compiling logos-derive v0.16.1
   Compiling linked_hash_set v0.1.6
   Compiling dek-errors v0.1.0 (/home/runner/work/AntiG_Pollen_DEK/AntiG_Pollen_DEK/crates/dek-errors)
   Compiling serde_with v3.20.0
   Compiling cipher v0.4.4
   Compiling educe v0.6.0
   Compiling cap-net-ext v3.4.5
   Compiling cap-time-ext v3.4.5
   Compiling cap-rand v3.4.5
   Compiling hashlink v0.10.0
   Compiling simple_asn1 v0.6.4
   Compiling num-rational v0.4.2
   Compiling num-iter v0.1.45
   Compiling axum-core v0.4.5
   Compiling rustc_version v0.4.1
   Compiling num-complex v0.4.6
   Compiling nonempty v0.12.0
   Compiling enumflags2_derive v0.7.12
   Compiling smol_str v0.3.6
   Compiling serde_path_to_error v0.1.20
   Compiling spin v0.9.8
   Compiling polling v2.8.0
   Compiling memoffset v0.7.1
   Compiling futures-lite v2.6.1
   Compiling rustix v0.37.28
   Compiling fastrand v1.9.0
   Compiling waker-fn v1.2.0
   Compiling typed-arena v2.0.2
   Compiling arrayvec v0.5.2
   Compiling rustc-literal-escaper v0.0.7
   Compiling async-task v4.7.1
   Compiling pretty v0.12.5
   Compiling futures-lite v1.13.0
   Compiling axum v0.7.9
   Compiling enumflags2 v0.7.12
   Compiling num v0.4.3
   Compiling curve25519-dalek v4.1.3
   Compiling wasmtime-wasi v21.0.2
   Compiling logos v0.16.1
   Compiling sha2 v0.11.0
   Compiling async-lock v2.8.0
   Compiling zvariant_derive v3.15.2
   Compiling piper v0.2.5
   Compiling async-channel v2.5.0
   Compiling async-lock v3.4.2
   Compiling metrics v0.22.4
   Compiling dek-plugin-sdk v1.0.0-beta.1 (/home/runner/work/AntiG_Pollen_DEK/AntiG_Pollen_DEK/crates/dek-plugin-sdk)
   Compiling ring v0.16.20
   Compiling async-fs v1.6.0
   Compiling async-io v1.13.0
   Compiling linux-raw-sys v0.3.8
   Compiling cedar-policy v4.11.0
   Compiling camino v1.2.2
   Compiling tagptr v0.2.0
   Compiling static_assertions v1.1.0
   Compiling zvariant v3.15.2
   Compiling moka v0.12.15
   Compiling blocking v1.6.2
   Compiling webpki-roots v0.26.11
   Compiling dek-domain-schema v0.1.0 (/home/runner/work/AntiG_Pollen_DEK/AntiG_Pollen_DEK/crates/dek-domain-schema)
   Compiling cedar-policy-formatter v4.11.0
   Compiling crossbeam-queue v0.3.12
   Compiling prost-derive v0.13.5
   Compiling futures-intrusive v0.5.0
   Compiling opentelemetry v0.26.0
   Compiling curve25519-dalek-derive v0.1.1
   Compiling core-error v0.0.0
   Compiling socket2 v0.4.10
   Compiling data-encoding v2.11.0
   Compiling minimal-lexical v0.2.1
   Compiling object v0.36.7
   Compiling untrusted v0.7.1
   Compiling openssl-probe v0.2.1
   Compiling base64 v0.22.1
   Compiling spin v0.5.2
   Compiling sqlx-core v0.8.6
   Compiling rustls-native-certs v0.8.4
   Compiling nom v7.1.3
   Compiling prost v0.13.5
   Compiling nix v0.26.4
   Compiling atoi v2.0.0
   Compiling dek-policy-runtime v0.1.0 (/home/runner/work/AntiG_Pollen_DEK/AntiG_Pollen_DEK/crates/dek-policy-runtime)
   Compiling zbus_names v2.6.1
   Compiling async-executor v1.14.0
   Compiling flume v0.11.1
   Compiling aes v0.8.4
   Compiling async-broadcast v0.5.1
   Compiling ed25519 v2.2.3
   Compiling zbus_macros v3.15.2
   Compiling derivative v2.2.0
   Compiling chacha20 v0.10.0
   Compiling yasna v0.5.2
   Compiling hyper-timeout v0.5.2
   Compiling hmac v0.12.1
   Compiling sha1 v0.10.6
   Compiling universal-hash v0.5.1
   Compiling cargo-platform v0.1.9
   Compiling linux-keyutils v0.2.5
   Compiling async-recursion v1.1.1
   Compiling serde_repr v0.1.20
   Compiling ordered-stream v0.2.0
   Compiling xdg-home v1.3.0
   Compiling glob v0.3.3
   Compiling opaque-debug v0.3.1
   Compiling unicode-general-category v1.1.0
   Compiling borrow-or-share v0.2.4
   Compiling foldhash v0.2.0
   Compiling unicase v2.9.0
   Compiling mime_guess v2.0.5
   Compiling hashbrown v0.16.1
   Compiling fluent-uri v0.4.1
   Compiling polyval v0.6.2
   Compiling opentelemetry_sdk v0.26.0
   Compiling zbus v3.15.2
   Compiling cargo_metadata v0.19.2
   Compiling hkdf v0.12.4
   Compiling sqlx-sqlite v0.8.6
   Compiling tonic v0.12.3
   Compiling rcgen v0.11.3
   Compiling rand v0.10.1
   Compiling ed25519-dalek v2.2.0
   Compiling dek-cedar v0.1.0 (/home/runner/work/AntiG_Pollen_DEK/AntiG_Pollen_DEK/crates/dek-cedar)
   Compiling rusticata-macros v4.1.0
   Compiling rustls-platform-verifier v0.7.0
   Compiling dek-openfga v0.1.0 (/home/runner/work/AntiG_Pollen_DEK/AntiG_Pollen_DEK/crates/dek-openfga)
   Compiling dek-resilience v0.1.0 (/home/runner/work/AntiG_Pollen_DEK/AntiG_Pollen_DEK/crates/dek-resilience)
   Compiling jsonwebtoken v10.4.0
   Compiling cbc v0.1.2
   Compiling dek-control-plane-api v0.1.0 (/home/runner/work/AntiG_Pollen_DEK/AntiG_Pollen_DEK/crates/dek-control-plane-api)
   Compiling arc-swap v1.9.1
   Compiling dek-bundle-format v1.0.0-beta.1 (/home/runner/work/AntiG_Pollen_DEK/AntiG_Pollen_DEK/crates/dek-bundle-format)
   Compiling asn1-rs-derive v0.5.1
   Compiling num_enum_derive v0.7.6
   Compiling asn1-rs-impl v0.2.0
   Compiling utf8parse v0.2.2
   Compiling micromap v0.3.0
   Compiling outref v0.5.2
   Compiling dotenvy v0.15.7
   Compiling vsimd v0.8.0
   Compiling referencing v0.46.5
   Compiling num_enum v0.7.6
   Compiling sqlx-macros-core v0.8.6
   Compiling uuid-simd v0.8.0
   Compiling asn1-rs v0.6.2
   Compiling anstyle-parse v1.0.0
   Compiling aya-obj v0.2.1
   Compiling secret-service v3.1.0
   Compiling dek-spire-node v0.1.0 (/home/runner/work/AntiG_Pollen_DEK/AntiG_Pollen_DEK/crates/dek-spire-node)
   Compiling dek-policy-router v0.1.0 (/home/runner/work/AntiG_Pollen_DEK/AntiG_Pollen_DEK/crates/dek-policy-router)
   Compiling reqwest v0.13.4
   Compiling opentelemetry-proto v0.26.1
   Compiling aya-build v0.1.2
   Compiling fancy-regex v0.18.0
   Compiling ghash v0.5.1
   Compiling opentelemetry-http v0.26.0
   Compiling fraction v0.15.4
   Compiling ctr v0.9.2
   Compiling hashlink v0.9.1
   Compiling aead v0.5.2
   Compiling email_address v0.2.9
   Compiling blake3 v1.8.5
   Compiling colorchoice v1.0.5
   Compiling num-cmp v0.1.0
   Compiling assert_matches v1.5.0
   Compiling anstyle v1.0.14
   Compiling fallible-iterator v0.3.0
   Compiling anstyle-query v1.1.5
   Compiling ryu-js v0.2.2
   Compiling is_terminal_polyfill v1.70.2
   Compiling fallible-streaming-iterator v0.1.9
   Compiling bytecount v0.6.9
   Compiling oid-registry v0.7.1
   Compiling rusqlite v0.32.1
   Compiling jsonschema v0.46.5
   Compiling serde_jcs v0.2.0
   Compiling anstream v1.0.0
   Compiling aya v0.13.1
   Compiling aes-gcm v0.10.3
   Compiling opentelemetry-otlp v0.26.0
   Compiling dek-ebpfd v0.1.0 (/home/runner/work/AntiG_Pollen_DEK/AntiG_Pollen_DEK/crates/dek-ebpfd)
   Compiling dek-plugin-host v1.0.0-beta.1 (/home/runner/work/AntiG_Pollen_DEK/AntiG_Pollen_DEK/crates/dek-plugin-host)
   Compiling keyring v2.3.3
   Compiling sqlx-macros v0.8.6
   Compiling aya-log-common v0.1.15
   Compiling tokio-retry v0.3.1
   Compiling dek-pdp-sdk v1.0.0-beta.1 (/home/runner/work/AntiG_Pollen_DEK/AntiG_Pollen_DEK/crates/dek-pdp-sdk)
   Compiling dek-opa-wasm v1.0.0-beta.1 (/home/runner/work/AntiG_Pollen_DEK/AntiG_Pollen_DEK/crates/dek-opa-wasm)
   Compiling jsonwebtoken v9.3.1
   Compiling enum-as-inner v0.6.1
   Compiling dirs-next v2.0.0
   Compiling dashmap v6.2.1
   Compiling dek-policy-intent v1.0.0-beta.1 (/home/runner/work/AntiG_Pollen_DEK/AntiG_Pollen_DEK/crates/dek-policy-intent)
   Compiling http-range-header v0.4.2
   Compiling arrayvec v0.7.6
   Compiling clap_lex v1.1.0
   Compiling arrayref v0.3.9
   Compiling constant_time_eq v0.4.2
   Compiling clap_builder v4.6.0
   Compiling dek-policy-compiler v1.0.0-beta.1 (/home/runner/work/AntiG_Pollen_DEK/AntiG_Pollen_DEK/crates/dek-policy-compiler)
   Compiling tower-http v0.5.2
   Compiling dek-router-builder v0.1.0 (/home/runner/work/AntiG_Pollen_DEK/AntiG_Pollen_DEK/crates/dek-router-builder)
   Compiling dek-wasm-host v0.1.0 (/home/runner/work/AntiG_Pollen_DEK/AntiG_Pollen_DEK/crates/dek-wasm-host)
   Compiling dek-auth v0.1.0 (/home/runner/work/AntiG_Pollen_DEK/AntiG_Pollen_DEK/crates/dek-auth)
   Compiling dek-keystore v0.1.0 (/home/runner/work/AntiG_Pollen_DEK/AntiG_Pollen_DEK/crates/dek-keystore)
warning: unused import: `Key`
 --&gt; crates/dek-keystore/src/linux.rs:6:22
  |
6 | use linux_keyutils::{Key, KeyRing, KeyRingIdentifier};
  |                      ^^^
  |
  = note: `#[warn(unused_imports)]` (part of `#[warn(unused)]`) on by default

warning: `dek-keystore` (lib) generated 1 warning (run `cargo fix --lib -p dek-keystore` to apply 1 suggestion)
   Compiling hickory-proto v0.24.4
   Compiling sqlx v0.8.6
   Compiling dek-telemetry v0.1.0 (/home/runner/work/AntiG_Pollen_DEK/AntiG_Pollen_DEK/crates/dek-telemetry)
   Compiling aya-log v0.2.1
   Compiling dek-bundle-sync v0.1.0 (/home/runner/work/AntiG_Pollen_DEK/AntiG_Pollen_DEK/crates/dek-bundle-sync)
   Compiling der-parser v9.0.0
   Compiling clap_derive v4.6.1
   Compiling tempfile v3.27.0
   Compiling gethostname v1.1.0
   Compiling dek-ipc v0.1.0 (/home/runner/work/AntiG_Pollen_DEK/AntiG_Pollen_DEK/crates/dek-ipc)
   Compiling dek-ebpf-common v0.1.0 (/home/runner/work/AntiG_Pollen_DEK/AntiG_Pollen_DEK/crates/dek-ebpf-common)
   Compiling dek-enroll v0.1.0 (/home/runner/work/AntiG_Pollen_DEK/AntiG_Pollen_DEK/crates/dek-enroll)
error: couldn&apos;t read `/home/runner/work/AntiG_Pollen_DEK/AntiG_Pollen_DEK/target/debug/build/dek-ebpfd-82d30f6fb48d5d0f/out/dek-ebpf-prog`: No such file or directory (os error 2)
   --&gt; crates/dek-ebpfd/src/lib.rs:119:13
    |
119 |             aya::include_bytes_aligned!(concat!(env!(&quot;OUT_DIR&quot;), &quot;/dek-ebpf-prog&quot;));
    |             ^^^^^^^^^^^^^^^^^^^^^^^^^^^^^^^^^^^^^^^^^^^^^^^^^^^^^^^^^^^^^^^^^^^^^^^
    |
    = note: this error originates in the macro `include_bytes` which comes from the expansion of the macro `aya::include_bytes_aligned` (in Nightly builds, run with -Z macro-backtrace for more info)

   Compiling self-replace v1.5.0
   Compiling x509-parser v0.16.0
error[E0432]: unresolved import `aya::programs::SockAddrAttachType`
  --&gt; crates/dek-ebpfd/src/lib.rs:50:68
   |
50 |         programs::{CgroupSkb, CgroupSkbAttachType, CgroupSockAddr, SockAddrAttachType},
   |                                                                    ^^^^^^^^^^^^^^^^^^ no `SockAddrAttachType` in `programs`
   |
help: a similar name exists in the module
   |
50 |         programs::{CgroupSkb, CgroupSkbAttachType, CgroupSockAddr, CgroupSockAddrAttachType},
   |                                                                    ++++++

error[E0433]: cannot find `AsyncRingBuf` in `maps`
   --&gt; crates/dek-ebpfd/src/lib.rs:175:30
    |
175 |             match aya::maps::AsyncRingBuf::try_from(dns_map) {
    |                              ^^^^^^^^^^^^ could not find `AsyncRingBuf` in `maps`

warning: unused import: `error`
  --&gt; crates/dek-ebpfd/src/lib.rs:59:19
   |
59 |     use tracing::{error, info, warn};
   |                   ^^^^^
   |
   = note: `#[warn(unused_imports)]` (part of `#[warn(unused)]`) on by default

error[E0117]: only traits defined in the current crate can be implemented for types defined outside of the crate
  --&gt; crates/dek-ebpfd/src/dns_cache.rs:17:1
   |
17 | unsafe impl aya::Pod for DekIp4Key {}
   | ^^^^^^^^^^^^^^^^^^^^^^^^^---------
   |                          |
   |                          `DekIp4Key` is not defined in the current crate
   |
   = note: impl doesn&apos;t have any local type before any uncovered type parameters
   = note: for more information see https://doc.rust-lang.org/reference/items/implementations.html#orphan-rules
   = note: define and implement a trait or new type instead

error[E0117]: only traits defined in the current crate can be implemented for types defined outside of the crate
  --&gt; crates/dek-ebpfd/src/dns_cache.rs:19:1
   |
19 | unsafe impl aya::Pod for DekDnsCacheValue {}
   | ^^^^^^^^^^^^^^^^^^^^^^^^^----------------
   |                          |
   |                          `DekDnsCacheValue` is not defined in the current crate
   |
   = note: impl doesn&apos;t have any local type before any uncovered type parameters
   = note: for more information see https://doc.rust-lang.org/reference/items/implementations.html#orphan-rules
   = note: define and implement a trait or new type instead

   Compiling dek-policy-syncer v0.1.0 (/home/runner/work/AntiG_Pollen_DEK/AntiG_Pollen_DEK/crates/dek-policy-syncer)
   Compiling clap v4.6.1
   Compiling local-control-plane v0.1.0 (/home/runner/work/AntiG_Pollen_DEK/AntiG_Pollen_DEK/crates/local-control-plane)
error[E0061]: this method takes 3 arguments but 2 arguments were supplied
   --&gt; crates/dek-ebpfd/src/lib.rs:156:15
    |
156 |             p.attach(cg_e, CgroupSkbAttachType::Egress)
    |               ^^^^^^----------------------------------- argument #3 of type `CgroupAttachMode` is missing
    |
note: method defined here
   --&gt; /home/runner/.cargo/registry/src/index.crates.io-1949cf8c6b5b557f/aya-0.13.1/src/programs/cgroup_skb.rs:87:12
    |
 87 |     pub fn attach&lt;T: AsFd&gt;(
    |            ^^^^^^
help: provide the argument
    |
156 |             p.attach(cg_e, CgroupSkbAttachType::Egress, /* CgroupAttachMode */)
    |                                                       ++++++++++++++++++++++++

error[E0061]: this method takes 3 arguments but 2 arguments were supplied
   --&gt; crates/dek-ebpfd/src/lib.rs:159:15
    |
159 |             p.attach(cg_i, CgroupSkbAttachType::Ingress)
    |               ^^^^^^------------------------------------ argument #3 of type `CgroupAttachMode` is missing
    |
note: method defined here
   --&gt; /home/runner/.cargo/registry/src/index.crates.io-1949cf8c6b5b557f/aya-0.13.1/src/programs/cgroup_skb.rs:87:12
    |
 87 |     pub fn attach&lt;T: AsFd&gt;(
    |            ^^^^^^
help: provide the argument
    |
159 |             p.attach(cg_i, CgroupSkbAttachType::Ingress, /* CgroupAttachMode */)
    |                                                        ++++++++++++++++++++++++

error[E0308]: mismatched types
   --&gt; crates/dek-ebpfd/src/lib.rs:174:16
    |
174 |         if let Ok(dns_map) = bpf.take_map(&quot;DNS_EVENTS&quot;) {
    |                ^^^^^^^^^^^   -------------------------- this expression has type `std::option::Option&lt;aya::maps::Map&gt;`
    |                |
    |                expected `Option&lt;Map&gt;`, found `Result&lt;_, _&gt;`
    |
    = note: expected enum `std::option::Option&lt;aya::maps::Map&gt;`
               found enum `Result&lt;_, _&gt;`

error[E0277]: the size for values of type `[u8]` cannot be known at compilation time
   --&gt; crates/dek-ebpfd/src/lib.rs:181:38
    |
181 | ...                   Some(item) =&gt; {
    |                            ^^^^ doesn&apos;t have a size known at compile-time
    |
    = help: the trait `Sized` is not implemented for `[u8]`
    = note: all local variables must have a statically known size

error[E0277]: the size for values of type `[u8]` cannot be known at compilation time
   --&gt; crates/dek-ebpfd/src/lib.rs:181:33
    |
181 | ...                   Some(item) =&gt; {
    |                       ^^^^^^^^^^ doesn&apos;t have a size known at compile-time
    |
    = help: the trait `Sized` is not implemented for `[u8]`
note: required by a bound in `Some`
   --&gt; /rustc/ac68faa20c58cbccd01ee7208bf3b6e93a7d7f96/library/core/src/option.rs:608:4

error[E0277]: the size for values of type `[u8]` cannot be known at compilation time
   --&gt; crates/dek-ebpfd/src/lib.rs:207:33
    |
207 | ...                   None =&gt; {
    |                       ^^^^ doesn&apos;t have a size known at compile-time
    |
    = help: the trait `Sized` is not implemented for `[u8]`
note: required by a bound in `std::prelude::v1::None`
   --&gt; /rustc/ac68faa20c58cbccd01ee7208bf3b6e93a7d7f96/library/core/src/option.rs:604:4

error[E0277]: the size for values of type `[u8]` cannot be known at compilation time
   --&gt; crates/dek-ebpfd/src/lib.rs:180:47
    |
180 | ...                   match ring.next().await {
    |                                         ^^^^^ doesn&apos;t have a size known at compile-time
    |
    = help: the trait `Sized` is not implemented for `[u8]`
note: required by an implicit `Sized` bound in `std::option::Option`
   --&gt; /rustc/ac68faa20c58cbccd01ee7208bf3b6e93a7d7f96/library/core/src/option.rs:600:0

Some errors have detailed explanations: E0061, E0117, E0277, E0308, E0432, E0433.
For more information about an error, try `rustc --explain E0061`.
warning: `dek-ebpfd` (lib) generated 1 warning
error: could not compile `dek-ebpfd` (lib) due to 12 previous errors; 1 warning emitted
warning: build failed, waiting for other jobs to finish...

thread &apos;test_offline_mode_resilience&apos; (4320) panicked at crates/acceptance-tests/tests/offline_mode.rs:128:5:
workspace build failed
note: run with `RUST_BACKTRACE=1` environment variable to display a backtrace
</system-err>
        </testcase>
    </testsuite>
    <testsuite name="acceptance-tests::local_control_plane_e2e" tests="1" disabled="0" errors="0" failures="1">
        <testcase name="local_control_plane_e2e" classname="acceptance-tests::local_control_plane_e2e" timestamp="2026-06-11T10:52:08.889+00:00" time="303.395">
            <failure message="thread &apos;local_control_plane_e2e&apos; (4321) panicked at crates/acceptance-tests/tests/local_control_plane_e2e.rs:57:5" type="test failure with exit code 101">thread &apos;local_control_plane_e2e&apos; (4321) panicked at crates/acceptance-tests/tests/local_control_plane_e2e.rs:57:5:
workspace build failed
note: run with `RUST_BACKTRACE=1` environment variable to display a backtrace</failure>
            <system-out>
running 1 test
test local_control_plane_e2e has been running for over 60 seconds
test local_control_plane_e2e ... FAILED

failures:

failures:
    local_control_plane_e2e

test result: FAILED. 0 passed; 1 failed; 0 ignored; 0 measured; 0 filtered out; finished in 303.39s

</system-out>
            <system-err>    Blocking waiting for file lock on package cache
    Blocking waiting for file lock on package cache
    Blocking waiting for file lock on package cache
    Blocking waiting for file lock on build directory
   Compiling mio v1.2.0
   Compiling num-traits v0.2.19
   Compiling const-oid v0.9.6
   Compiling rustls v0.23.40
   Compiling digest v0.10.7
   Compiling lazy_static v1.5.0
   Compiling tokio v1.52.3
   Compiling crc32fast v1.5.0
   Compiling sha2 v0.10.9
   Compiling num-integer v0.1.46
   Compiling chrono v0.4.45
   Compiling num-bigint v0.4.6
   Compiling uuid v1.23.1
   Compiling sharded-slab v0.1.7
   Compiling wasmparser v0.207.0
   Compiling tracing-subscriber v0.3.23
   Compiling tokio-util v0.7.18
   Compiling h2 v0.4.14
   Compiling tower v0.5.3
   Compiling tokio-rustls v0.26.4
   Compiling tower-http v0.6.11
   Compiling tokio-stream v0.1.18
   Compiling h2 v0.3.27
   Compiling object v0.33.0
   Compiling hyper v1.9.0
   Compiling wit-parser v0.207.0
   Compiling hyper-util v0.1.20
   Compiling hyper v0.14.32
   Compiling tower v0.4.13
   Compiling wasmtime-environ v21.0.2
   Compiling hyper-rustls v0.27.9
   Compiling reqwest v0.12.28
   Compiling wasmtime-wit-bindgen v21.0.2
   Compiling debugid v0.8.0
   Compiling same-file v1.0.6
   Compiling walkdir v2.5.0
   Compiling tracing-appender v0.2.5
   Compiling wasmtime-cranelift v21.0.2
   Compiling fxprof-processed-profile v0.6.0
   Compiling wasmtime-cache v21.0.2
   Compiling wasmtime-component-macro v21.0.2
   Compiling wasmtime-jit-debug v21.0.2
   Compiling num-iter v0.1.45
   Compiling dek-config v0.1.0 (/home/runner/work/AntiG_Pollen_DEK/AntiG_Pollen_DEK/crates/dek-config)
   Compiling tokio-io-timeout v1.2.1
warning: unused import: `crate::paths::get_log_dir`
 --&gt; crates/dek-config/src/logging.rs:4:5
  |
4 | use crate::paths::get_log_dir;
  |     ^^^^^^^^^^^^^^^^^^^^^^^^^
  |
  = note: `#[warn(unused_imports)]` (part of `#[warn(unused)]`) on by default

warning: unused import: `std::fs`
 --&gt; crates/dek-config/src/logging.rs:5:5
  |
5 | use std::fs;
  |     ^^^^^^^

   Compiling synstructure v0.12.6
warning: unused variable: `service_name`
 --&gt; crates/dek-config/src/logging.rs:8:21
  |
8 | pub fn init_logging(service_name: &amp;str) -&gt; anyhow::Result&lt;()&gt; {
  |                     ^^^^^^^^^^^^ help: if this is intentional, prefix it with an underscore: `_service_name`
  |
  = note: `#[warn(unused_variables)]` (part of `#[warn(unused)]`) on by default

   Compiling signature v2.2.0
   Compiling axum v0.6.20
warning: `dek-config` (lib) generated 3 warnings (run `cargo fix --lib -p dek-config` to apply 3 suggestions)
   Compiling lalrpop v0.22.2
   Compiling wasmtime v21.0.2
   Compiling asn1-rs-derive v0.4.0
   Compiling hyper-timeout v0.4.1
   Compiling dek-domain-schema v0.1.0 (/home/runner/work/AntiG_Pollen_DEK/AntiG_Pollen_DEK/crates/dek-domain-schema)
   Compiling simple_asn1 v0.6.4
   Compiling asn1-rs-impl v0.1.0
   Compiling axum v0.7.9
   Compiling asn1-rs v0.5.2
   Compiling tonic v0.11.0
   Compiling wiggle v21.0.2
   Compiling oid-registry v0.6.1
   Compiling wasmtime-wasi v21.0.2
   Compiling cedar-policy-core v4.11.0
   Compiling dek-errors v0.1.0 (/home/runner/work/AntiG_Pollen_DEK/AntiG_Pollen_DEK/crates/dek-errors)
   Compiling num-rational v0.4.2
   Compiling openssl-sys v0.9.116
   Compiling num-complex v0.4.6
   Compiling num v0.4.3
   Compiling der-parser v8.2.0
   Compiling moka v0.12.15
   Compiling curve25519-dalek v4.1.3
   Compiling x509-parser v0.15.1
   Compiling ed25519 v2.2.3
   Compiling ed25519-dalek v2.2.0
   Compiling jsonwebtoken v10.4.0
   Compiling rcgen v0.11.3
   Compiling hyper-timeout v0.5.2
   Compiling hmac v0.12.1
   Compiling sha1 v0.10.6
   Compiling foreign-types-shared v0.1.1
   Compiling openssl v0.10.80
   Compiling foreign-types v0.3.2
   Compiling zbus v3.15.2
   Compiling dek-policy-runtime v0.1.0 (/home/runner/work/AntiG_Pollen_DEK/AntiG_Pollen_DEK/crates/dek-policy-runtime)
   Compiling hkdf v0.12.4
   Compiling cedar-policy-formatter v4.11.0
   Compiling tonic v0.12.3
   Compiling cedar-policy v4.11.0
   Compiling opentelemetry_sdk v0.26.0
   Compiling dek-openfga v0.1.0 (/home/runner/work/AntiG_Pollen_DEK/AntiG_Pollen_DEK/crates/dek-openfga)
   Compiling dek-cedar v0.1.0 (/home/runner/work/AntiG_Pollen_DEK/AntiG_Pollen_DEK/crates/dek-cedar)
   Compiling dek-resilience v0.1.0 (/home/runner/work/AntiG_Pollen_DEK/AntiG_Pollen_DEK/crates/dek-resilience)
   Compiling openssl-macros v0.1.1
   Compiling getrandom v0.4.2
   Compiling rustix v1.1.4
   Compiling base64ct v1.8.3
   Compiling native-tls v0.2.18
   Compiling pem-rfc7468 v0.7.0
   Compiling secret-service v3.1.0
   Compiling dek-policy-router v0.1.0 (/home/runner/work/AntiG_Pollen_DEK/AntiG_Pollen_DEK/crates/dek-policy-router)
   Compiling rustls-platform-verifier v0.7.0
   Compiling opentelemetry-proto v0.26.1
   Compiling opentelemetry-http v0.26.0
   Compiling linux-raw-sys v0.12.1
   Compiling prettyplease v0.2.37
   Compiling sqlx-core v0.8.6
   Compiling opentelemetry-otlp v0.26.0
   Compiling reqwest v0.13.4
   Compiling dek-plugin-host v1.0.0-beta.1 (/home/runner/work/AntiG_Pollen_DEK/AntiG_Pollen_DEK/crates/dek-plugin-host)
   Compiling keyring v2.3.3
   Compiling der v0.7.10
   Compiling dek-pdp-sdk v1.0.0-beta.1 (/home/runner/work/AntiG_Pollen_DEK/AntiG_Pollen_DEK/crates/dek-pdp-sdk)
   Compiling dek-opa-wasm v1.0.0-beta.1 (/home/runner/work/AntiG_Pollen_DEK/AntiG_Pollen_DEK/crates/dek-opa-wasm)
   Compiling dek-spire-node v0.1.0 (/home/runner/work/AntiG_Pollen_DEK/AntiG_Pollen_DEK/crates/dek-spire-node)
   Compiling tokio-retry v0.3.1
   Compiling fraction v0.15.4
   Compiling jsonwebtoken v9.3.1
   Compiling prost v0.13.5
   Compiling raw-cpuid v11.6.0
   Compiling winnow v1.0.3
   Compiling adler2 v2.0.1
   Compiling simd-adler32 v0.3.9
   Compiling rustc-hash v2.1.2
   Compiling jsonschema v0.46.5
   Compiling askama_parser v0.16.0
   Compiling miniz_oxide v0.8.9
   Compiling quanta v0.12.6
   Compiling sqlx-sqlite v0.8.6
   Compiling dek-wasm-host v0.1.0 (/home/runner/work/AntiG_Pollen_DEK/AntiG_Pollen_DEK/crates/dek-wasm-host)
   Compiling prost-types v0.13.5
   Compiling dek-auth v0.1.0 (/home/runner/work/AntiG_Pollen_DEK/AntiG_Pollen_DEK/crates/dek-auth)
   Compiling dek-telemetry v0.1.0 (/home/runner/work/AntiG_Pollen_DEK/AntiG_Pollen_DEK/crates/dek-telemetry)
   Compiling dek-router-builder v0.1.0 (/home/runner/work/AntiG_Pollen_DEK/AntiG_Pollen_DEK/crates/dek-router-builder)
   Compiling spki v0.7.3
   Compiling tempfile v3.27.0
   Compiling tokio-native-tls v0.3.1
   Compiling object v0.36.7
   Compiling basic-toml v0.1.10
   Compiling fs-err v3.3.0
   Compiling num_cpus v1.17.0
   Compiling multimap v0.10.1
   Compiling num-bigint-dig v0.8.6
   Compiling sketches-ddsketch v0.2.2
   Compiling prost-build v0.13.5
   Compiling sqlx-macros-core v0.8.6
   Compiling metrics-util v0.16.3
   Compiling tower-http v0.5.2
   Compiling askama_derive v0.16.0
   Compiling asn1-rs v0.6.2
   Compiling aya-obj v0.2.1
   Compiling hyper-tls v0.5.0
   Compiling pkcs8 v0.10.2
   Compiling dek-activation v0.1.0 (/home/runner/work/AntiG_Pollen_DEK/AntiG_Pollen_DEK/crates/dek-activation)
   Compiling dek-bundle-sync v0.1.0 (/home/runner/work/AntiG_Pollen_DEK/AntiG_Pollen_DEK/crates/dek-bundle-sync)
   Compiling flate2 v1.1.9
   Compiling dek-decision v0.1.0 (/home/runner/work/AntiG_Pollen_DEK/AntiG_Pollen_DEK/crates/dek-decision)
   Compiling crc32c v0.6.8
   Compiling atoi v2.0.0
   Compiling protoc-bin-vendored-macos-x86_64 v3.2.0
   Compiling protoc-bin-vendored-linux-x86_64 v3.2.0
   Compiling protoc-bin-vendored-linux-ppcle_64 v3.2.0
   Compiling protoc-bin-vendored-linux-s390_64 v3.2.0
   Compiling protoc-bin-vendored-linux-x86_32 v3.2.0
   Compiling protoc-bin-vendored-win32 v3.2.0
   Compiling protoc-bin-vendored-macos-aarch_64 v3.2.0
   Compiling protoc-bin-vendored-linux-aarch_64 v3.2.0
   Compiling aya v0.13.1
   Compiling protoc-bin-vendored v3.2.0
   Compiling dek-policy-syncer v0.1.0 (/home/runner/work/AntiG_Pollen_DEK/AntiG_Pollen_DEK/crates/dek-policy-syncer)
   Compiling askama_macros v0.16.0
   Compiling pkcs1 v0.7.5
   Compiling metrics-exporter-prometheus v0.13.1
   Compiling sqlx-macros v0.8.6
   Compiling tonic-build v0.12.3
   Compiling dek-enforcement-api v1.0.0-beta.1 (/home/runner/work/AntiG_Pollen_DEK/AntiG_Pollen_DEK/crates/dek-enforcement-api)
   Compiling rustls-pemfile v2.2.0
   Compiling inotify-sys v0.1.5
   Compiling serde_yaml v0.9.34+deprecated
   Compiling inotify v0.11.2
   Compiling rsa v0.9.10
   Compiling dek-ext-authz v0.1.0 (/home/runner/work/AntiG_Pollen_DEK/AntiG_Pollen_DEK/crates/dek-ext-authz)
   Compiling axum-server v0.7.3
   Compiling hickory-proto v0.24.4
   Compiling dek-keystore v0.1.0 (/home/runner/work/AntiG_Pollen_DEK/AntiG_Pollen_DEK/crates/dek-keystore)
warning: unused import: `Key`
 --&gt; crates/dek-keystore/src/linux.rs:6:22
  |
6 | use linux_keyutils::{Key, KeyRing, KeyRingIdentifier};
  |                      ^^^
  |
  = note: `#[warn(unused_imports)]` (part of `#[warn(unused)]`) on by default

   Compiling sqlx v0.8.6
warning: `dek-keystore` (lib) generated 1 warning (run `cargo fix --lib -p dek-keystore` to apply 1 suggestion)
   Compiling aya-log v0.2.1
   Compiling askama v0.16.0
   Compiling oid-registry v0.7.1
   Compiling der-parser v9.0.0
   Compiling dek-mcp-normalizer v0.1.0 (/home/runner/work/AntiG_Pollen_DEK/AntiG_Pollen_DEK/crates/dek-mcp-normalizer)
   Compiling xattr v1.6.1
   Compiling notify-types v2.1.0
   Compiling filetime v0.2.29
   Compiling notify v8.2.0
   Compiling x509-parser v0.16.0
   Compiling tar v0.4.46
   Compiling dek-ebpfd v0.1.0 (/home/runner/work/AntiG_Pollen_DEK/AntiG_Pollen_DEK/crates/dek-ebpfd)
error: couldn&apos;t read `/home/runner/work/AntiG_Pollen_DEK/AntiG_Pollen_DEK/target/debug/build/dek-ebpfd-82d30f6fb48d5d0f/out/dek-ebpf-prog`: No such file or directory (os error 2)
   --&gt; crates/dek-ebpfd/src/lib.rs:119:13
    |
119 |             aya::include_bytes_aligned!(concat!(env!(&quot;OUT_DIR&quot;), &quot;/dek-ebpf-prog&quot;));
    |             ^^^^^^^^^^^^^^^^^^^^^^^^^^^^^^^^^^^^^^^^^^^^^^^^^^^^^^^^^^^^^^^^^^^^^^^
    |
    = note: this error originates in the macro `include_bytes` which comes from the expansion of the macro `aya::include_bytes_aligned` (in Nightly builds, run with -Z macro-backtrace for more info)

error[E0432]: unresolved import `aya::programs::SockAddrAttachType`
  --&gt; crates/dek-ebpfd/src/lib.rs:50:68
   |
50 |         programs::{CgroupSkb, CgroupSkbAttachType, CgroupSockAddr, SockAddrAttachType},
   |                                                                    ^^^^^^^^^^^^^^^^^^ no `SockAddrAttachType` in `programs`
   |
help: a similar name exists in the module
   |
50 |         programs::{CgroupSkb, CgroupSkbAttachType, CgroupSockAddr, CgroupSockAddrAttachType},
   |                                                                    ++++++

error[E0433]: cannot find `AsyncRingBuf` in `maps`
   --&gt; crates/dek-ebpfd/src/lib.rs:175:30
    |
175 |             match aya::maps::AsyncRingBuf::try_from(dns_map) {
    |                              ^^^^^^^^^^^^ could not find `AsyncRingBuf` in `maps`

warning: unused import: `error`
  --&gt; crates/dek-ebpfd/src/lib.rs:59:19
   |
59 |     use tracing::{error, info, warn};
   |                   ^^^^^
   |
   = note: `#[warn(unused_imports)]` (part of `#[warn(unused)]`) on by default

error[E0117]: only traits defined in the current crate can be implemented for types defined outside of the crate
  --&gt; crates/dek-ebpfd/src/dns_cache.rs:17:1
   |
17 | unsafe impl aya::Pod for DekIp4Key {}
   | ^^^^^^^^^^^^^^^^^^^^^^^^^---------
   |                          |
   |                          `DekIp4Key` is not defined in the current crate
   |
   = note: impl doesn&apos;t have any local type before any uncovered type parameters
   = note: for more information see https://doc.rust-lang.org/reference/items/implementations.html#orphan-rules
   = note: define and implement a trait or new type instead

error[E0117]: only traits defined in the current crate can be implemented for types defined outside of the crate
  --&gt; crates/dek-ebpfd/src/dns_cache.rs:19:1
   |
19 | unsafe impl aya::Pod for DekDnsCacheValue {}
   | ^^^^^^^^^^^^^^^^^^^^^^^^^----------------
   |                          |
   |                          `DekDnsCacheValue` is not defined in the current crate
   |
   = note: impl doesn&apos;t have any local type before any uncovered type parameters
   = note: for more information see https://doc.rust-lang.org/reference/items/implementations.html#orphan-rules
   = note: define and implement a trait or new type instead

   Compiling dek-enroll v0.1.0 (/home/runner/work/AntiG_Pollen_DEK/AntiG_Pollen_DEK/crates/dek-enroll)
error[E0061]: this method takes 3 arguments but 2 arguments were supplied
   --&gt; crates/dek-ebpfd/src/lib.rs:156:15
    |
156 |             p.attach(cg_e, CgroupSkbAttachType::Egress)
    |               ^^^^^^----------------------------------- argument #3 of type `CgroupAttachMode` is missing
    |
note: method defined here
   --&gt; /home/runner/.cargo/registry/src/index.crates.io-1949cf8c6b5b557f/aya-0.13.1/src/programs/cgroup_skb.rs:87:12
    |
 87 |     pub fn attach&lt;T: AsFd&gt;(
    |            ^^^^^^
help: provide the argument
    |
156 |             p.attach(cg_e, CgroupSkbAttachType::Egress, /* CgroupAttachMode */)
    |                                                       ++++++++++++++++++++++++

error[E0061]: this method takes 3 arguments but 2 arguments were supplied
   --&gt; crates/dek-ebpfd/src/lib.rs:159:15
    |
159 |             p.attach(cg_i, CgroupSkbAttachType::Ingress)
    |               ^^^^^^------------------------------------ argument #3 of type `CgroupAttachMode` is missing
    |
note: method defined here
   --&gt; /home/runner/.cargo/registry/src/index.crates.io-1949cf8c6b5b557f/aya-0.13.1/src/programs/cgroup_skb.rs:87:12
    |
 87 |     pub fn attach&lt;T: AsFd&gt;(
    |            ^^^^^^
help: provide the argument
    |
159 |             p.attach(cg_i, CgroupSkbAttachType::Ingress, /* CgroupAttachMode */)
    |                                                        ++++++++++++++++++++++++

error[E0308]: mismatched types
   --&gt; crates/dek-ebpfd/src/lib.rs:174:16
    |
174 |         if let Ok(dns_map) = bpf.take_map(&quot;DNS_EVENTS&quot;) {
    |                ^^^^^^^^^^^   -------------------------- this expression has type `std::option::Option&lt;aya::maps::Map&gt;`
    |                |
    |                expected `Option&lt;Map&gt;`, found `Result&lt;_, _&gt;`
    |
    = note: expected enum `std::option::Option&lt;aya::maps::Map&gt;`
               found enum `Result&lt;_, _&gt;`

error[E0277]: the size for values of type `[u8]` cannot be known at compilation time
   --&gt; crates/dek-ebpfd/src/lib.rs:181:38
    |
181 | ...                   Some(item) =&gt; {
    |                            ^^^^ doesn&apos;t have a size known at compile-time
    |
    = help: the trait `Sized` is not implemented for `[u8]`
    = note: all local variables must have a statically known size

error[E0277]: the size for values of type `[u8]` cannot be known at compilation time
   --&gt; crates/dek-ebpfd/src/lib.rs:181:33
    |
181 | ...                   Some(item) =&gt; {
    |                       ^^^^^^^^^^ doesn&apos;t have a size known at compile-time
    |
    = help: the trait `Sized` is not implemented for `[u8]`
note: required by a bound in `Some`
   --&gt; /rustc/ac68faa20c58cbccd01ee7208bf3b6e93a7d7f96/library/core/src/option.rs:608:4

error[E0277]: the size for values of type `[u8]` cannot be known at compilation time
   --&gt; crates/dek-ebpfd/src/lib.rs:207:33
    |
207 | ...                   None =&gt; {
    |                       ^^^^ doesn&apos;t have a size known at compile-time
    |
    = help: the trait `Sized` is not implemented for `[u8]`
note: required by a bound in `std::prelude::v1::None`
   --&gt; /rustc/ac68faa20c58cbccd01ee7208bf3b6e93a7d7f96/library/core/src/option.rs:604:4

error[E0277]: the size for values of type `[u8]` cannot be known at compilation time
   --&gt; crates/dek-ebpfd/src/lib.rs:180:47
    |
180 | ...                   match ring.next().await {
    |                                         ^^^^^ doesn&apos;t have a size known at compile-time
    |
    = help: the trait `Sized` is not implemented for `[u8]`
note: required by an implicit `Sized` bound in `std::option::Option`
   --&gt; /rustc/ac68faa20c58cbccd01ee7208bf3b6e93a7d7f96/library/core/src/option.rs:600:0

Some errors have detailed explanations: E0061, E0117, E0277, E0308, E0432, E0433.
For more information about an error, try `rustc --explain E0061`.
warning: `dek-ebpfd` (lib) generated 1 warning
error: could not compile `dek-ebpfd` (lib) due to 12 previous errors; 1 warning emitted
warning: build failed, waiting for other jobs to finish...

thread &apos;local_control_plane_e2e&apos; (4321) panicked at crates/acceptance-tests/tests/local_control_plane_e2e.rs:57:5:
workspace build failed
note: run with `RUST_BACKTRACE=1` environment variable to display a backtrace
</system-err>
        </testcase>
    </testsuite>
</testsuites>
